<?xml version="1.0" encoding="UTF-8"?>
<!-- Generated by org.testng.reporters.JUnitXMLReporter -->
<testsuite ignored="0" hostname="MacBook-Pro-Marina.local" failures="0" tests="6" name="Surefire test" time="35.292" errors="0" timestamp="2019-10-31T03:20:07 MSK">
  <testcase classname="tests.LibraryApiTests" name="getBooks" time="5.44"/>
  <testcase classname="tests.LoginTests" name="loginWithWrongCredentials" time="2.588"/>
  <testcase classname="tests.LoginTests" name="registerUser" time="8.864"/>
  <testcase classname="tests.LibraryApiTests" name="addBook" time="0.002"/>
  <testcase classname="tests.LoginTests" name="loginWithValidCredentials" time="6.797"/>
  <testcase classname="tests.LibraryApiTests" name="updateBook" time="5.358"/>
</testsuite> <!-- Surefire test -->
