<?xml version="1.0" encoding="UTF-8"?>
<!-- Generated by org.testng.reporters.JUnitXMLReporter -->
<testsuite ignored="0" hostname="MacBook-Pro-Marina.local" failures="0" tests="6" name="Surefire test" time="34.933" errors="0" timestamp="2019-10-31T03:51:58 MSK">
  <testcase classname="tests.LibraryApiTests" name="getBooks" time="5.511"/>
  <testcase classname="tests.LoginTests" name="loginWithWrongCredentials" time="2.136"/>
  <testcase classname="tests.LoginTests" name="registerUser" time="3.654"/>
  <testcase classname="tests.LibraryApiTests" name="addBook" time="5.005"/>
  <testcase classname="tests.LoginTests" name="loginWithValidCredentials" time="6.899"/>
  <testcase classname="tests.LibraryApiTests" name="updateBook" time="5.345"/>
</testsuite> <!-- Surefire test -->
