<?xml version="1.0" encoding="UTF-8"?>
<testng-results ignored="0" total="6" passed="6" failed="0" skipped="0">
  <reporter-output>
  </reporter-output>
  <suite started-at="2019-10-31T03:51:23 MSK" name="Surefire suite" finished-at="2019-10-31T03:51:58 MSK" duration-ms="34933">
    <groups>
    </groups>
    <test started-at="2019-10-31T03:51:23 MSK" name="Surefire test" finished-at="2019-10-31T03:51:58 MSK" duration-ms="34933">
      <class name="tests.LoginTests">
        <test-method is-config="true" signature="setUp()[pri:0, instance:tests.LoginTests@6ef7623]" started-at="2019-10-31T03:51:32 MSK" name="setUp" finished-at="2019-10-31T03:51:34 MSK" duration-ms="1947" status="PASS">
          <reporter-output>
          </reporter-output>
        </test-method> <!-- setUp -->
        <test-method signature="loginWithWrongCredentials()[pri:0, instance:tests.LoginTests@6ef7623]" started-at="2019-10-31T03:51:34 MSK" name="loginWithWrongCredentials" description="Negative Login Scenario with valid but non existing username." finished-at="2019-10-31T03:51:36 MSK" duration-ms="2136" status="PASS">
          <reporter-output>
          </reporter-output>
        </test-method> <!-- loginWithWrongCredentials -->
        <test-method signature="registerUser()[pri:0, instance:tests.LoginTests@6ef7623]" started-at="2019-10-31T03:51:36 MSK" name="registerUser" description="Register User" finished-at="2019-10-31T03:51:40 MSK" duration-ms="3654" status="PASS">
          <reporter-output>
          </reporter-output>
        </test-method> <!-- registerUser -->
        <test-method signature="loginWithValidCredentials()[pri:1, instance:tests.LoginTests@6ef7623]" started-at="2019-10-31T03:51:45 MSK" name="loginWithValidCredentials" description="Valid Login Scenario with valid username and password." finished-at="2019-10-31T03:51:52 MSK" duration-ms="6899" status="PASS">
          <reporter-output>
          </reporter-output>
        </test-method> <!-- loginWithValidCredentials -->
        <test-method is-config="true" signature="cleanUp()[pri:0, instance:tests.LoginTests@6ef7623]" started-at="2019-10-31T03:51:52 MSK" name="cleanUp" finished-at="2019-10-31T03:51:52 MSK" duration-ms="175" status="PASS">
          <reporter-output>
          </reporter-output>
        </test-method> <!-- cleanUp -->
      </class> <!-- tests.LoginTests -->
      <class name="tests.LibraryApiTests">
        <test-method is-config="true" signature="setUp()[pri:0, instance:tests.LibraryApiTests@4d6f197e]" started-at="2019-10-31T03:51:23 MSK" name="setUp" finished-at="2019-10-31T03:51:26 MSK" duration-ms="3117" status="PASS">
          <reporter-output>
          </reporter-output>
        </test-method> <!-- setUp -->
        <test-method signature="getBooks()[pri:0, instance:tests.LibraryApiTests@4d6f197e]" started-at="2019-10-31T03:51:27 MSK" name="getBooks" description="Retrieves a list of books in the system" finished-at="2019-10-31T03:51:32 MSK" duration-ms="5511" status="PASS">
          <reporter-output>
          </reporter-output>
        </test-method> <!-- getBooks -->
        <test-method signature="addBook()[pri:1, instance:tests.LibraryApiTests@4d6f197e]" started-at="2019-10-31T03:51:40 MSK" name="addBook" description="Adds a new book to the system" finished-at="2019-10-31T03:51:45 MSK" duration-ms="5005" status="PASS">
          <reporter-output>
          </reporter-output>
        </test-method> <!-- addBook -->
        <test-method signature="updateBook()[pri:2, instance:tests.LibraryApiTests@4d6f197e]" started-at="2019-10-31T03:51:52 MSK" name="updateBook" description="Updates an existing book in the system" finished-at="2019-10-31T03:51:57 MSK" duration-ms="5345" status="PASS">
          <reporter-output>
          </reporter-output>
        </test-method> <!-- updateBook -->
        <test-method is-config="true" signature="cleanUp()[pri:0, instance:tests.LibraryApiTests@4d6f197e]" started-at="2019-10-31T03:51:57 MSK" name="cleanUp" finished-at="2019-10-31T03:51:58 MSK" duration-ms="1008" status="PASS">
          <reporter-output>
          </reporter-output>
        </test-method> <!-- cleanUp -->
      </class> <!-- tests.LibraryApiTests -->
    </test> <!-- Surefire test -->
  </suite> <!-- Surefire suite -->
</testng-results>
